2021-09-20 16:08:38 0 [Note] InnoDB: Mutexes and rw_locks use Windows interlocked functions
2021-09-20 16:08:38 0 [Note] InnoDB: Uses event mutexes
2021-09-20 16:08:38 0 [Note] InnoDB: Compressed tables use zlib 1.2.11
2021-09-20 16:08:38 0 [Note] InnoDB: Number of pools: 1
2021-09-20 16:08:38 0 [Note] InnoDB: Using SSE2 crc32 instructions
2021-09-20 16:08:38 0 [Note] InnoDB: Initializing buffer pool, total size = 16M, instances = 1, chunk size = 16M
2021-09-20 16:08:38 0 [Note] InnoDB: Completed initialization of buffer pool
2021-09-20 16:08:38 0 [Note] InnoDB: Starting crash recovery from checkpoint LSN=300288
2021-09-20 16:08:38 0 [Note] InnoDB: 128 out of 128 rollback segments are active.
2021-09-20 16:08:39 0 [Note] InnoDB: Removed temporary tablespace data file: "ibtmp1"
2021-09-20 16:08:39 0 [Note] InnoDB: Creating shared tablespace for temporary tables
2021-09-20 16:08:39 0 [Note] InnoDB: Setting file 'C:\xampp\mysql\data\ibtmp1' size to 12 MB. Physically writing the file full; Please wait ...
2021-09-20 16:08:39 0 [Note] InnoDB: File 'C:\xampp\mysql\data\ibtmp1' size is now 12 MB.
2021-09-20 16:08:39 0 [Note] InnoDB: Waiting for purge to start
2021-09-20 16:08:39 0 [Note] InnoDB: 10.4.21 started; log sequence number 300297; transaction id 170
2021-09-20 16:08:39 0 [Note] InnoDB: Loading buffer pool(s) from C:\xampp\mysql\data\ib_buffer_pool
2021-09-20 16:08:39 0 [Note] Plugin 'FEEDBACK' is disabled.
2021-09-20 16:08:39 0 [Note] InnoDB: Buffer pool(s) load completed at 210920 16:08:39
2021-09-20 16:08:39 0 [Note] Server socket created on IP: '::'.
2021-09-20 16:14:56 0 [Note] InnoDB: Mutexes and rw_locks use Windows interlocked functions
2021-09-20 16:14:56 0 [Note] InnoDB: Uses event mutexes
2021-09-20 16:14:56 0 [Note] InnoDB: Compressed tables use zlib 1.2.11
2021-09-20 16:14:56 0 [Note] InnoDB: Number of pools: 1
2021-09-20 16:14:56 0 [Note] InnoDB: Using SSE2 crc32 instructions
2021-09-20 16:14:56 0 [Note] InnoDB: Initializing buffer pool, total size = 16M, instances = 1, chunk size = 16M
2021-09-20 16:14:56 0 [Note] InnoDB: Completed initialization of buffer pool
2021-09-20 16:14:56 0 [Note] InnoDB: Starting crash recovery from checkpoint LSN=300943
2021-09-20 16:14:57 0 [Note] InnoDB: 128 out of 128 rollback segments are active.
2021-09-20 16:14:57 0 [Note] InnoDB: Removed temporary tablespace data file: "ibtmp1"
2021-09-20 16:14:57 0 [Note] InnoDB: Creating shared tablespace for temporary tables
2021-09-20 16:14:57 0 [Note] InnoDB: Setting file 'C:\xampp\mysql\data\ibtmp1' size to 12 MB. Physically writing the file full; Please wait ...
2021-09-20 16:14:57 0 [Note] InnoDB: File 'C:\xampp\mysql\data\ibtmp1' size is now 12 MB.
2021-09-20 16:14:57 0 [Note] InnoDB: Waiting for purge to start
2021-09-20 16:14:57 0 [Note] InnoDB: 10.4.21 started; log sequence number 300952; transaction id 195
2021-09-20 16:14:57 0 [Note] InnoDB: Loading buffer pool(s) from C:\xampp\mysql\data\ib_buffer_pool
2021-09-20 16:14:57 0 [Note] Plugin 'FEEDBACK' is disabled.
2021-09-20 16:14:57 0 [Note] Server socket created on IP: '::'.
2021-09-27 11:16:17 0 [Note] InnoDB: Mutexes and rw_locks use Windows interlocked functions
2021-09-27 11:16:17 0 [Note] InnoDB: Uses event mutexes
2021-09-27 11:16:17 0 [Note] InnoDB: Compressed tables use zlib 1.2.11
2021-09-27 11:16:17 0 [Note] InnoDB: Number of pools: 1
2021-09-27 11:16:17 0 [Note] InnoDB: Using SSE2 crc32 instructions
2021-09-27 11:16:17 0 [Note] InnoDB: Initializing buffer pool, total size = 16M, instances = 1, chunk size = 16M
2021-09-27 11:16:17 0 [Note] InnoDB: Completed initialization of buffer pool
2021-09-27 11:16:17 0 [Note] InnoDB: Starting crash recovery from checkpoint LSN=301247
2021-09-27 11:16:19 0 [Note] InnoDB: 128 out of 128 rollback segments are active.
2021-09-27 11:16:19 0 [Note] InnoDB: Removed temporary tablespace data file: "ibtmp1"
2021-09-27 11:16:19 0 [Note] InnoDB: Creating shared tablespace for temporary tables
2021-09-27 11:16:19 0 [Note] InnoDB: Setting file 'C:\xampp\mysql\data\ibtmp1' size to 12 MB. Physically writing the file full; Please wait ...
2021-09-27 11:16:19 0 [Note] InnoDB: File 'C:\xampp\mysql\data\ibtmp1' size is now 12 MB.
2021-09-27 11:16:19 0 [Note] InnoDB: Waiting for purge to start
2021-09-27 11:16:19 0 [Note] InnoDB: 10.4.21 started; log sequence number 301294; transaction id 218
2021-09-27 11:16:19 0 [Note] InnoDB: Loading buffer pool(s) from C:\xampp\mysql\data\ib_buffer_pool
2021-09-27 11:16:19 0 [Note] Plugin 'FEEDBACK' is disabled.
2021-09-27 11:16:19 0 [Note] InnoDB: Buffer pool(s) load completed at 210927 11:16:19
2021-09-27 11:16:19 0 [Note] Server socket created on IP: '::'.
2021-09-27 15:22:59 0 [Note] InnoDB: Mutexes and rw_locks use Windows interlocked functions
2021-09-27 15:22:59 0 [Note] InnoDB: Uses event mutexes
2021-09-27 15:22:59 0 [Note] InnoDB: Compressed tables use zlib 1.2.11
2021-09-27 15:22:59 0 [Note] InnoDB: Number of pools: 1
2021-09-27 15:22:59 0 [Note] InnoDB: Using SSE2 crc32 instructions
2021-09-27 15:22:59 0 [Note] InnoDB: Initializing buffer pool, total size = 16M, instances = 1, chunk size = 16M
2021-09-27 15:22:59 0 [Note] InnoDB: Completed initialization of buffer pool
2021-09-27 15:22:59 0 [Note] InnoDB: Starting crash recovery from checkpoint LSN=301721
2021-09-27 15:22:59 0 [Note] InnoDB: 128 out of 128 rollback segments are active.
2021-09-27 15:22:59 0 [Note] InnoDB: Removed temporary tablespace data file: "ibtmp1"
2021-09-27 15:22:59 0 [Note] InnoDB: Creating shared tablespace for temporary tables
2021-09-27 15:22:59 0 [Note] InnoDB: Setting file 'C:\xampp\mysql\data\ibtmp1' size to 12 MB. Physically writing the file full; Please wait ...
2021-09-27 15:22:59 0 [Note] InnoDB: File 'C:\xampp\mysql\data\ibtmp1' size is now 12 MB.
2021-09-27 15:22:59 0 [Note] InnoDB: Waiting for purge to start
2021-09-27 15:22:59 0 [Note] InnoDB: 10.4.21 started; log sequence number 301730; transaction id 241
2021-09-27 15:22:59 0 [Note] InnoDB: Loading buffer pool(s) from C:\xampp\mysql\data\ib_buffer_pool
2021-09-27 15:22:59 0 [Note] Plugin 'FEEDBACK' is disabled.
2021-09-27 15:22:59 0 [Note] InnoDB: Buffer pool(s) load completed at 210927 15:22:59
2021-09-27 15:22:59 0 [Note] Server socket created on IP: '::'.
2021-09-27 15:23:27 0 [Note] InnoDB: Mutexes and rw_locks use Windows interlocked functions
2021-09-27 15:23:27 0 [Note] InnoDB: Uses event mutexes
2021-09-27 15:23:27 0 [Note] InnoDB: Compressed tables use zlib 1.2.11
2021-09-27 15:23:27 0 [Note] InnoDB: Number of pools: 1
2021-09-27 15:23:27 0 [Note] InnoDB: Using SSE2 crc32 instructions
2021-09-27 15:23:27 0 [Note] InnoDB: Initializing buffer pool, total size = 16M, instances = 1, chunk size = 16M
2021-09-27 15:23:27 0 [Note] InnoDB: Completed initialization of buffer pool
2021-09-27 15:23:27 0 [Note] InnoDB: Starting crash recovery from checkpoint LSN=301739
2021-09-27 15:23:28 0 [Note] InnoDB: 128 out of 128 rollback segments are active.
2021-09-27 15:23:28 0 [Note] InnoDB: Removed temporary tablespace data file: "ibtmp1"
2021-09-27 15:23:28 0 [Note] InnoDB: Creating shared tablespace for temporary tables
2021-09-27 15:23:28 0 [Note] InnoDB: Setting file 'C:\xampp\mysql\data\ibtmp1' size to 12 MB. Physically writing the file full; Please wait ...
2021-09-27 15:23:28 0 [Note] InnoDB: File 'C:\xampp\mysql\data\ibtmp1' size is now 12 MB.
2021-09-27 15:23:28 0 [Note] InnoDB: Waiting for purge to start
2021-09-27 15:23:28 0 [Note] InnoDB: 10.4.21 started; log sequence number 301748; transaction id 241
2021-09-27 15:23:28 0 [Note] InnoDB: Loading buffer pool(s) from C:\xampp\mysql\data\ib_buffer_pool
2021-09-27 15:23:28 0 [Note] Plugin 'FEEDBACK' is disabled.
2021-09-27 15:23:28 0 [Note] Server socket created on IP: '::'.
2021-09-27 15:23:58 0 [Note] InnoDB: Mutexes and rw_locks use Windows interlocked functions
2021-09-27 15:23:58 0 [Note] InnoDB: Uses event mutexes
2021-09-27 15:23:58 0 [Note] InnoDB: Compressed tables use zlib 1.2.11
2021-09-27 15:23:58 0 [Note] InnoDB: Number of pools: 1
2021-09-27 15:23:58 0 [Note] InnoDB: Using SSE2 crc32 instructions
2021-09-27 15:23:58 0 [Note] InnoDB: Initializing buffer pool, total size = 16M, instances = 1, chunk size = 16M
2021-09-27 15:23:58 0 [Note] InnoDB: Completed initialization of buffer pool
2021-09-27 15:23:58 0 [Note] InnoDB: Starting crash recovery from checkpoint LSN=301757
2021-09-27 15:23:58 0 [Note] InnoDB: 128 out of 128 rollback segments are active.
2021-09-27 15:23:58 0 [Note] InnoDB: Removed temporary tablespace data file: "ibtmp1"
2021-09-27 15:23:58 0 [Note] InnoDB: Creating shared tablespace for temporary tables
2021-09-27 15:23:58 0 [Note] InnoDB: Setting file 'C:\xampp\mysql\data\ibtmp1' size to 12 MB. Physically writing the file full; Please wait ...
2021-09-27 15:23:58 0 [Note] InnoDB: File 'C:\xampp\mysql\data\ibtmp1' size is now 12 MB.
2021-09-27 15:23:58 0 [Note] InnoDB: Waiting for purge to start
2021-09-27 15:23:58 0 [Note] InnoDB: 10.4.21 started; log sequence number 301766; transaction id 241
2021-09-27 15:23:58 0 [Note] InnoDB: Loading buffer pool(s) from C:\xampp\mysql\data\ib_buffer_pool
2021-09-27 15:23:58 0 [Note] Plugin 'FEEDBACK' is disabled.
2021-09-27 15:23:58 0 [Note] Server socket created on IP: '::'.
2021-09-27 15:23:58 0 [Note] InnoDB: Buffer pool(s) load completed at 210927 15:23:58
2022-07-25 11:22:47 0 [Note] InnoDB: Mutexes and rw_locks use Windows interlocked functions
2022-07-25 11:22:47 0 [Note] InnoDB: Uses event mutexes
2022-07-25 11:22:47 0 [Note] InnoDB: Compressed tables use zlib 1.2.11
2022-07-25 11:22:47 0 [Note] InnoDB: Number of pools: 1
2022-07-25 11:22:47 0 [Note] InnoDB: Using SSE2 crc32 instructions
2022-07-25 11:22:47 0 [Note] InnoDB: Initializing buffer pool, total size = 16M, instances = 1, chunk size = 16M
2022-07-25 11:22:47 0 [Note] InnoDB: Completed initialization of buffer pool
2022-07-25 11:22:48 0 [Note] InnoDB: Starting crash recovery from checkpoint LSN=301775
2022-07-25 11:22:50 0 [Note] InnoDB: 128 out of 128 rollback segments are active.
2022-07-25 11:22:50 0 [Note] InnoDB: Removed temporary tablespace data file: "ibtmp1"
2022-07-25 11:22:50 0 [Note] InnoDB: Creating shared tablespace for temporary tables
2022-07-25 11:22:50 0 [Note] InnoDB: Setting file 'C:\xampp\mysql\data\ibtmp1' size to 12 MB. Physically writing the file full; Please wait ...
2022-07-25 11:22:50 0 [Note] InnoDB: File 'C:\xampp\mysql\data\ibtmp1' size is now 12 MB.
2022-07-25 11:22:50 0 [Note] InnoDB: Waiting for purge to start
2022-07-25 11:22:50 0 [Note] InnoDB: Waiting for purge to start
2022-07-25 11:22:50 0 [Note] InnoDB: Waiting for purge to start
2022-07-25 11:22:50 0 [Note] InnoDB: 10.4.21 started; log sequence number 301784; transaction id 241
2022-07-25 11:22:50 0 [Note] InnoDB: Loading buffer pool(s) from C:\xampp\mysql\data\ib_buffer_pool
2022-07-25 11:22:50 0 [Note] Plugin 'FEEDBACK' is disabled.
2022-07-25 11:22:51 0 [Note] InnoDB: Buffer pool(s) load completed at 220725 11:22:51
2022-07-25 11:22:51 0 [Note] Server socket created on IP: '::'.
2024-05-13 19:36:28 0 [Note] InnoDB: Mutexes and rw_locks use Windows interlocked functions
2024-05-13 19:36:28 0 [Note] InnoDB: Uses event mutexes
2024-05-13 19:36:28 0 [Note] InnoDB: Compressed tables use zlib 1.2.11
2024-05-13 19:36:28 0 [Note] InnoDB: Number of pools: 1
2024-05-13 19:36:28 0 [Note] InnoDB: Using SSE2 crc32 instructions
2024-05-13 19:36:28 0 [Note] InnoDB: Initializing buffer pool, total size = 16M, instances = 1, chunk size = 16M
2024-05-13 19:36:28 0 [Note] InnoDB: Completed initialization of buffer pool
2024-05-13 19:36:28 0 [Note] InnoDB: Starting crash recovery from checkpoint LSN=301793
2024-05-13 19:36:28 0 [Note] InnoDB: 128 out of 128 rollback segments are active.
2024-05-13 19:36:29 0 [Note] InnoDB: Removed temporary tablespace data file: "ibtmp1"
2024-05-13 19:36:29 0 [Note] InnoDB: Creating shared tablespace for temporary tables
2024-05-13 19:36:29 0 [Note] InnoDB: Setting file 'C:\xampp\mysql\data\ibtmp1' size to 12 MB. Physically writing the file full; Please wait ...
2024-05-13 19:36:29 0 [Note] InnoDB: File 'C:\xampp\mysql\data\ibtmp1' size is now 12 MB.
2024-05-13 19:36:29 0 [Note] InnoDB: Waiting for purge to start
2024-05-13 19:36:29 0 [Note] InnoDB: 10.4.21 started; log sequence number 301802; transaction id 241
2024-05-13 19:36:29 0 [Note] InnoDB: Loading buffer pool(s) from C:\xampp\mysql\data\ib_buffer_pool
2024-05-13 19:36:29 0 [Note] Plugin 'FEEDBACK' is disabled.
2024-05-13 19:36:29 0 [Note] InnoDB: Buffer pool(s) load completed at 240513 19:36:29
2024-05-13 19:36:29 0 [Note] Server socket created on IP: '::'.
2024-05-13 20:39:14 0 [Note] InnoDB: Mutexes and rw_locks use Windows interlocked functions
2024-05-13 20:39:14 0 [Note] InnoDB: Uses event mutexes
2024-05-13 20:39:14 0 [Note] InnoDB: Compressed tables use zlib 1.2.11
2024-05-13 20:39:14 0 [Note] InnoDB: Number of pools: 1
2024-05-13 20:39:14 0 [Note] InnoDB: Using SSE2 crc32 instructions
2024-05-13 20:39:14 0 [Note] InnoDB: Initializing buffer pool, total size = 16M, instances = 1, chunk size = 16M
2024-05-13 20:39:14 0 [Note] InnoDB: Completed initialization of buffer pool
2024-05-13 20:39:15 0 [Note] InnoDB: Starting crash recovery from checkpoint LSN=317537
2024-05-13 20:39:15 0 [Note] InnoDB: 128 out of 128 rollback segments are active.
2024-05-13 20:39:15 0 [Note] InnoDB: Removed temporary tablespace data file: "ibtmp1"
2024-05-13 20:39:15 0 [Note] InnoDB: Creating shared tablespace for temporary tables
2024-05-13 20:39:15 0 [Note] InnoDB: Setting file 'C:\xampp\mysql\data\ibtmp1' size to 12 MB. Physically writing the file full; Please wait ...
2024-05-13 20:39:15 0 [Note] InnoDB: File 'C:\xampp\mysql\data\ibtmp1' size is now 12 MB.
2024-05-13 20:39:15 0 [Note] InnoDB: Waiting for purge to start
2024-05-13 20:39:15 0 [Note] InnoDB: 10.4.21 started; log sequence number 317546; transaction id 293
2024-05-13 20:39:15 0 [Note] InnoDB: Loading buffer pool(s) from C:\xampp\mysql\data\ib_buffer_pool
2024-05-13 20:39:15 0 [Note] Plugin 'FEEDBACK' is disabled.
2024-05-13 20:39:15 0 [Note] Server socket created on IP: '::'.
2024-05-15 21:30:26 0 [Note] InnoDB: Mutexes and rw_locks use Windows interlocked functions
2024-05-15 21:30:26 0 [Note] InnoDB: Uses event mutexes
2024-05-15 21:30:26 0 [Note] InnoDB: Compressed tables use zlib 1.2.11
2024-05-15 21:30:26 0 [Note] InnoDB: Number of pools: 1
2024-05-15 21:30:26 0 [Note] InnoDB: Using SSE2 crc32 instructions
2024-05-15 21:30:26 0 [Note] InnoDB: Initializing buffer pool, total size = 16M, instances = 1, chunk size = 16M
2024-05-15 21:30:26 0 [Note] InnoDB: Completed initialization of buffer pool
2024-05-15 21:30:26 0 [Note] InnoDB: Starting crash recovery from checkpoint LSN=325346
2024-05-15 21:30:27 0 [Note] InnoDB: 128 out of 128 rollback segments are active.
2024-05-15 21:30:27 0 [Note] InnoDB: Removed temporary tablespace data file: "ibtmp1"
2024-05-15 21:30:27 0 [Note] InnoDB: Creating shared tablespace for temporary tables
2024-05-15 21:30:27 0 [Note] InnoDB: Setting file 'C:\xampp\mysql\data\ibtmp1' size to 12 MB. Physically writing the file full; Please wait ...
2024-05-15 21:30:27 0 [Note] InnoDB: File 'C:\xampp\mysql\data\ibtmp1' size is now 12 MB.
2024-05-15 21:30:27 0 [Note] InnoDB: Waiting for purge to start
2024-05-15 21:30:27 0 [Note] InnoDB: 10.4.21 started; log sequence number 325355; transaction id 336
2024-05-15 21:30:27 0 [Note] InnoDB: Loading buffer pool(s) from C:\xampp\mysql\data\ib_buffer_pool
2024-05-15 21:30:27 0 [Note] Plugin 'FEEDBACK' is disabled.
2024-05-15 21:30:27 0 [Note] InnoDB: Buffer pool(s) load completed at 240515 21:30:27
2024-05-15 21:30:27 0 [Note] Server socket created on IP: '::'.
2024-05-16 21:33:59 0 [Note] InnoDB: Mutexes and rw_locks use Windows interlocked functions
2024-05-16 21:33:59 0 [Note] InnoDB: Uses event mutexes
2024-05-16 21:33:59 0 [Note] InnoDB: Compressed tables use zlib 1.2.11
2024-05-16 21:33:59 0 [Note] InnoDB: Number of pools: 1
2024-05-16 21:33:59 0 [Note] InnoDB: Using SSE2 crc32 instructions
2024-05-16 21:33:59 0 [Note] InnoDB: Initializing buffer pool, total size = 16M, instances = 1, chunk size = 16M
2024-05-16 21:33:59 0 [Note] InnoDB: Completed initialization of buffer pool
2024-05-16 21:34:00 0 [Note] InnoDB: Starting crash recovery from checkpoint LSN=328498
2024-05-16 21:34:00 0 [Note] InnoDB: 128 out of 128 rollback segments are active.
2024-05-16 21:34:00 0 [Note] InnoDB: Removed temporary tablespace data file: "ibtmp1"
2024-05-16 21:34:00 0 [Note] InnoDB: Creating shared tablespace for temporary tables
2024-05-16 21:34:00 0 [Note] InnoDB: Setting file 'C:\xampp\mysql\data\ibtmp1' size to 12 MB. Physically writing the file full; Please wait ...
2024-05-16 21:34:00 0 [Note] InnoDB: File 'C:\xampp\mysql\data\ibtmp1' size is now 12 MB.
2024-05-16 21:34:00 0 [Note] InnoDB: Waiting for purge to start
2024-05-16 21:34:00 0 [Note] InnoDB: 10.4.21 started; log sequence number 328507; transaction id 366
2024-05-16 21:34:00 0 [Note] InnoDB: Loading buffer pool(s) from C:\xampp\mysql\data\ib_buffer_pool
2024-05-16 21:34:00 0 [Note] Plugin 'FEEDBACK' is disabled.
2024-05-16 21:34:00 0 [Note] InnoDB: Buffer pool(s) load completed at 240516 21:34:00
2024-05-16 21:34:00 0 [Note] Server socket created on IP: '::'.
2024-05-22 21:22:59 0 [Note] InnoDB: Mutexes and rw_locks use Windows interlocked functions
2024-05-22 21:22:59 0 [Note] InnoDB: Uses event mutexes
2024-05-22 21:22:59 0 [Note] InnoDB: Compressed tables use zlib 1.2.11
2024-05-22 21:22:59 0 [Note] InnoDB: Number of pools: 1
2024-05-22 21:22:59 0 [Note] InnoDB: Using SSE2 crc32 instructions
2024-05-22 21:22:59 0 [Note] InnoDB: Initializing buffer pool, total size = 16M, instances = 1, chunk size = 16M
2024-05-22 21:22:59 0 [Note] InnoDB: Completed initialization of buffer pool
2024-05-22 21:22:59 0 [Note] InnoDB: Starting crash recovery from checkpoint LSN=330365
2024-05-22 21:23:00 0 [Note] InnoDB: 128 out of 128 rollback segments are active.
2024-05-22 21:23:00 0 [Note] InnoDB: Removed temporary tablespace data file: "ibtmp1"
2024-05-22 21:23:00 0 [Note] InnoDB: Creating shared tablespace for temporary tables
2024-05-22 21:23:00 0 [Note] InnoDB: Setting file 'C:\xampp\mysql\data\ibtmp1' size to 12 MB. Physically writing the file full; Please wait ...
2024-05-22 21:23:00 0 [Note] InnoDB: File 'C:\xampp\mysql\data\ibtmp1' size is now 12 MB.
2024-05-22 21:23:00 0 [Note] InnoDB: Waiting for purge to start
2024-05-22 21:23:00 0 [Note] InnoDB: 10.4.21 started; log sequence number 330374; transaction id 407
2024-05-22 21:23:00 0 [Note] InnoDB: Loading buffer pool(s) from C:\xampp\mysql\data\ib_buffer_pool
2024-05-22 21:23:00 0 [Note] Plugin 'FEEDBACK' is disabled.
2024-05-22 21:23:00 0 [Note] InnoDB: Buffer pool(s) load completed at 240522 21:23:00
2024-05-22 21:23:00 0 [Note] Server socket created on IP: '::'.
2024-05-23 21:27:23 0 [Note] InnoDB: Mutexes and rw_locks use Windows interlocked functions
2024-05-23 21:27:23 0 [Note] InnoDB: Uses event mutexes
2024-05-23 21:27:23 0 [Note] InnoDB: Compressed tables use zlib 1.2.11
2024-05-23 21:27:23 0 [Note] InnoDB: Number of pools: 1
2024-05-23 21:27:23 0 [Note] InnoDB: Using SSE2 crc32 instructions
2024-05-23 21:27:23 0 [Note] InnoDB: Initializing buffer pool, total size = 16M, instances = 1, chunk size = 16M
2024-05-23 21:27:23 0 [Note] InnoDB: Completed initialization of buffer pool
2024-05-23 21:27:23 0 [Note] InnoDB: Starting crash recovery from checkpoint LSN=333241
2024-05-23 21:27:24 0 [Note] InnoDB: 128 out of 128 rollback segments are active.
2024-05-23 21:27:24 0 [Note] InnoDB: Removed temporary tablespace data file: "ibtmp1"
2024-05-23 21:27:24 0 [Note] InnoDB: Creating shared tablespace for temporary tables
2024-05-23 21:27:24 0 [Note] InnoDB: Setting file 'C:\xampp\mysql\data\ibtmp1' size to 12 MB. Physically writing the file full; Please wait ...
2024-05-23 21:27:24 0 [Note] InnoDB: File 'C:\xampp\mysql\data\ibtmp1' size is now 12 MB.
2024-05-23 21:27:24 0 [Note] InnoDB: Waiting for purge to start
2024-05-23 21:27:24 0 [Note] InnoDB: 10.4.21 started; log sequence number 333250; transaction id 443
2024-05-23 21:27:24 0 [Note] InnoDB: Loading buffer pool(s) from C:\xampp\mysql\data\ib_buffer_pool
2024-05-23 21:27:24 0 [Note] Plugin 'FEEDBACK' is disabled.
2024-05-23 21:27:24 0 [Note] Server socket created on IP: '::'.
